TripTourGuide/app/build/intermediates/manifest_merge_blame_file/debug/manifest-merger-blame-debug-report.txt
1<?xml version="1.0" encoding="utf-8"?>
2<manifest xmlns:android="http://schemas.android.com/apk/res/android"
3    package="com.example.triptourguide"
4    android:versionCode="1"
5    android:versionName="1.0" >
6
7    <uses-sdk
8        android:minSdkVersion="26"
8-->src\main\AndroidManifest.xml
9        android:targetSdkVersion="28" />
9-->src\main\AndroidManifest.xml
10
11    <uses-permission android:name="android.permission.WRITE_EXTERNAL_STORAGE" />
11-->src\main\AndroidManifest.xml:5:5-81
11-->src\main\AndroidManifest.xml:5:22-78
12    <uses-permission android:name="android.permission.ACCESS_NETWORK_STATE" />
12-->src\main\AndroidManifest.xml:6:5-79
12-->src\main\AndroidManifest.xml:6:22-76
13    <uses-permission android:name="android.permission.ACCESS_WIFI_STATE" />
13-->src\main\AndroidManifest.xml:7:5-76
13-->src\main\AndroidManifest.xml:7:22-73
14    <uses-permission android:name="android.permission.INTERNET" />
14-->src\main\AndroidManifest.xml:8:5-67
14-->src\main\AndroidManifest.xml:8:22-64
15    <uses-permission android:name="android.permission.VIBRATE" />
15-->[com.borax12.materialdaterangepicker:library:2.0] AndroidManifest.xml:26:5-66
15-->[com.borax12.materialdaterangepicker:library:2.0] AndroidManifest.xml:26:22-63
16
17    <application
17-->src\main\AndroidManifest.xml:10:5-35:19
18        android:allowBackup="true"
18-->src\main\AndroidManifest.xml:11:9-35
19        android:appComponentFactory="androidx.core.app.CoreComponentFactory"
19-->[androidx.core:core:1.1.0] AndroidManifest.xml:24:18-86
20        android:debuggable="true"
21        android:icon="@mipmap/ic_launcher"
21-->src\main\AndroidManifest.xml:12:9-43
22        android:label="@string/app_name"
22-->src\main\AndroidManifest.xml:13:9-41
23        android:roundIcon="@mipmap/ic_launcher_round"
23-->src\main\AndroidManifest.xml:14:9-54
24        android:supportsRtl="true"
24-->src\main\AndroidManifest.xml:15:9-35
25        android:testOnly="true"
26        android:theme="@style/AppTheme" >
26-->src\main\AndroidManifest.xml:16:9-40
27        <activity android:name="com.example.triptourguide.TravelItemProvider" />
27-->src\main\AndroidManifest.xml:17:9-65
27-->src\main\AndroidManifest.xml:17:19-53
28        <activity android:name="com.example.triptourguide.TripCreator" />
28-->src\main\AndroidManifest.xml:18:9-49
28-->src\main\AndroidManifest.xml:18:19-46
29        <activity android:name="com.example.triptourguide.TripSettings" />
29-->src\main\AndroidManifest.xml:19:9-50
29-->src\main\AndroidManifest.xml:19:19-47
30        <activity android:name="com.example.triptourguide.MusicListener" />
30-->src\main\AndroidManifest.xml:20:9-51
30-->src\main\AndroidManifest.xml:20:19-48
31        <activity android:name="com.example.triptourguide.MainActivity" >
31-->src\main\AndroidManifest.xml:21:9-27:20
31-->src\main\AndroidManifest.xml:21:19-47
32            <intent-filter>
32-->src\main\AndroidManifest.xml:22:13-26:29
33                <action android:name="android.intent.action.MAIN" />
33-->src\main\AndroidManifest.xml:23:17-69
33-->src\main\AndroidManifest.xml:23:25-66
34
35                <category android:name="android.intent.category.LAUNCHER" />
35-->src\main\AndroidManifest.xml:25:17-77
35-->src\main\AndroidManifest.xml:25:27-74
36            </intent-filter>
37        </activity>
38
39        <meta-data
39-->src\main\AndroidManifest.xml:29:9-31:57
40            android:name="preloaded_fonts"
40-->src\main\AndroidManifest.xml:30:13-43
41            android:resource="@array/preloaded_fonts" />
41-->src\main\AndroidManifest.xml:31:13-54
42        <meta-data
42-->src\main\AndroidManifest.xml:32:9-34:70
43            android:name="com.google.android.geo.API_KEY"
43-->src\main\AndroidManifest.xml:33:13-58
44            android:value="AIzaSyAg1hkaFMgL6Jh9ankdeJ58Hl0b54qOCI8" />
44-->src\main\AndroidManifest.xml:34:13-68
45    </application>
46
47</manifest>